<?xml version="1.0" encoding="UTF-8"?>
<testsuite xmlns:xsi="http://www.w3.org/2001/XMLSchema-instance" xsi:noNamespaceSchemaLocation="https://maven.apache.org/surefire/maven-surefire-plugin/xsd/surefire-test-report-3.0.xsd" version="3.0" name="com.maquinacafe.MaquinaDeCafeTest" time="0.001" tests="8" errors="0" skipped="0" failures="0">
  <properties>
    <property name="java.specification.version" value="23"/>
    <property name="sun.cpu.isalist" value="amd64"/>
    <property name="sun.jnu.encoding" value="Cp1252"/>
    <property name="java.class.path" value="C:\Users\Jayne\Downloads\maquina_cafe\target\test-classes;C:\Users\Jayne\Downloads\maquina_cafe\target\classes;C:\Users\Jayne\.m2\repository\junit\junit\4.13.2\junit-4.13.2.jar;C:\Users\Jayne\.m2\repository\org\hamcrest\hamcrest-core\1.3\hamcrest-core-1.3.jar;"/>
    <property name="java.vm.vendor" value="Oracle Corporation"/>
    <property name="sun.arch.data.model" value="64"/>
    <property name="user.variant" value=""/>
    <property name="java.vendor.url" value="https://java.oracle.com/"/>
    <property name="user.timezone" value="America/Santo_Domingo"/>
    <property name="user.country.format" value="DO"/>
    <property name="os.name" value="Windows 10"/>
    <property name="java.vm.specification.version" value="23"/>
    <property name="sun.java.launcher" value="SUN_STANDARD"/>
    <property name="user.country" value="US"/>
    <property name="sun.boot.library.path" value="C:\Program Files\Java\jdk-23\bin"/>
    <property name="sun.java.command" value="C:\Users\Jayne\AppData\Local\Temp\surefire215744351397033306\surefirebooter-20250623190117506_3.jar C:\Users\Jayne\AppData\Local\Temp\surefire215744351397033306 2025-06-23T19-01-17_265-jvmRun1 surefire-20250623190117506_1tmp surefire_0-20250623190117506_2tmp"/>
    <property name="jdk.debug" value="release"/>
    <property name="surefire.test.class.path" value="C:\Users\Jayne\Downloads\maquina_cafe\target\test-classes;C:\Users\Jayne\Downloads\maquina_cafe\target\classes;C:\Users\Jayne\.m2\repository\junit\junit\4.13.2\junit-4.13.2.jar;C:\Users\Jayne\.m2\repository\org\hamcrest\hamcrest-core\1.3\hamcrest-core-1.3.jar;"/>
    <property name="sun.cpu.endian" value="little"/>
    <property name="user.home" value="C:\Users\Jayne"/>
    <property name="user.language" value="en"/>
    <property name="java.specification.vendor" value="Oracle Corporation"/>
    <property name="java.version.date" value="2024-10-15"/>
    <property name="java.home" value="C:\Program Files\Java\jdk-23"/>
    <property name="file.separator" value="\"/>
    <property name="basedir" value="C:\Users\Jayne\Downloads\maquina_cafe"/>
    <property name="java.vm.compressedOopsMode" value="32-bit"/>
    <property name="line.separator" value="&#10;"/>
    <property name="java.vm.specification.vendor" value="Oracle Corporation"/>
    <property name="java.specification.name" value="Java Platform API Specification"/>
    <property name="surefire.real.class.path" value="C:\Users\Jayne\AppData\Local\Temp\surefire215744351397033306\surefirebooter-20250623190117506_3.jar"/>
    <property name="user.script" value=""/>
    <property name="sun.management.compiler" value="HotSpot 64-Bit Tiered Compilers"/>
    <property name="java.runtime.version" value="23.0.1+11-39"/>
    <property name="user.name" value="Jayne"/>
    <property name="stdout.encoding" value="Cp1252"/>
    <property name="path.separator" value=";"/>
    <property name="os.version" value="10.0"/>
    <property name="java.runtime.name" value="Java(TM) SE Runtime Environment"/>
    <property name="file.encoding" value="UTF-8"/>
    <property name="java.vm.name" value="Java HotSpot(TM) 64-Bit Server VM"/>
    <property name="localRepository" value="C:\Users\Jayne\.m2\repository"/>
    <property name="java.vendor.url.bug" value="https://bugreport.java.com/bugreport/"/>
    <property name="java.io.tmpdir" value="C:\Users\Jayne\AppData\Local\Temp\"/>
    <property name="java.version" value="23.0.1"/>
    <property name="user.dir" value="C:\Users\Jayne\Downloads\maquina_cafe"/>
    <property name="os.arch" value="amd64"/>
    <property name="java.vm.specification.name" value="Java Virtual Machine Specification"/>
    <property name="user.language.format" value="es"/>
    <property name="sun.os.patch.level" value=""/>
    <property name="native.encoding" value="Cp1252"/>
    <property name="java.library.path" value="C:\Program Files\Java\jdk-23\bin;C:\WINDOWS\Sun\Java\bin;C:\WINDOWS\system32;C:\WINDOWS;C:\Program Files\Common Files\Oracle\Java\javapath;C:\Program Files (x86)\Common Files\Oracle\Java\java8path;C:\Program Files (x86)\Common Files\Oracle\Java\javapath;C:\WINDOWS\system32;C:\WINDOWS;C:\WINDOWS\System32\Wbem;C:\WINDOWS\System32\WindowsPowerShell\v1.0\;C:\WINDOWS\System32\OpenSSH\;C:\Program Files\Microsoft SQL Server\150\Tools\Binn\;C:\Program Files\Microsoft SQL Server\Client SDK\ODBC\170\Tools\Binn\;C:\Program Files\dotnet\;C:\Program Files (x86)\Microsoft SQL Server\160\Tools\Binn\;C:\Program Files\Microsoft SQL Server\160\Tools\Binn\;C:\Program Files\Microsoft SQL Server\160\DTS\Binn\;C:\Program Files (x86)\Microsoft SQL Server\160\DTS\Binn\;C:\Program Files\php-8.3.10;C:\ProgramData\ComposerSetup\bin;C:\Users\Jayne\AppData\Roaming\nvm;C:\Program Files\nodejs;C:\Program Files\Microsoft SQL Server\130\DTS\Binn\;C:\Program Files\Microsoft SQL Server\140\DTS\Binn\;C:\Program Files\Microsoft SQL Server\150\DTS\Binn\;C:\Program Files\Git\cmd;C:\Program Files\Vagrant\bin;C:\Program Files (x86)\Windows Kits\10\Windows Performance Toolkit\;C:\ProgramData\chocolatey\bin;C:\ProgramData\chocolatey\lib\maven\apache-maven-3.9.10\bin;C:\Users\Jayne\AppData\Local\Programs\Eclipse Adoptium\jdk-21.0.7.6-hotspot\bin;C:\Users\Jayne\AppData\Local\Microsoft\WindowsApps;C:\Users\Jayne\.dotnet\tools;C:\Users\Jayne\AppData\Roaming\npm;C:\Users\Jayne\AppData\Local\Programs\Microsoft VS Code\bin;C:\Program Files\Microsoft SQL Server\Client SDK\ODBC\160\Tools\Binn\;C:\Program Files\Microsoft SQL Server\160\Tools\Binn\;C:\Program Files\Microsoft SQL Server\160\DTS\Binn\;C:\Users\Jayne\AppData\Roaming\Composer\vendor\bin;C:\Users\Jayne\AppData\Roaming\nvm;C:\Program Files\nodejs;C:\Users\Jayne\AppData\Local\Programs\Azure Data Studio\bin;C:\Users\Jayne\.dotnet\tools;C:\Users\Jayne\Downloads\flutter_app_alejandro\flutter\bin;c:\Users\Jayne\AppData\Roaming\Code\User\globalStorage\github.copilot-chat\debugCommand;."/>
    <property name="java.vm.info" value="mixed mode, sharing"/>
    <property name="stderr.encoding" value="Cp1252"/>
    <property name="java.vendor" value="Oracle Corporation"/>
    <property name="java.vm.version" value="23.0.1+11-39"/>
    <property name="sun.io.unicode.encoding" value="UnicodeLittle"/>
    <property name="java.class.version" value="67.0"/>
  </properties>
  <testcase name="deberia_poder_seleccionar_vaso_mediano" classname="com.maquinacafe.MaquinaDeCafeTest" time="0.0"/>
  <testcase name="deberia_mostrar_mensaje_si_no_hay_cafe" classname="com.maquinacafe.MaquinaDeCafeTest" time="0.0"/>
  <testcase name="deberia_preparar_cafe_con_azucar_correctamente" classname="com.maquinacafe.MaquinaDeCafeTest" time="0.0"/>
  <testcase name="deberia_preparar_cafe_sin_azucar_correctamente" classname="com.maquinacafe.MaquinaDeCafeTest" time="0.0"/>
  <testcase name="deberia_poder_seleccionar_vaso_grande" classname="com.maquinacafe.MaquinaDeCafeTest" time="0.0"/>
  <testcase name="deberia_mostrar_mensaje_si_no_hay_vasos" classname="com.maquinacafe.MaquinaDeCafeTest" time="0.0"/>
  <testcase name="deberia_poder_seleccionar_vaso_pequeno" classname="com.maquinacafe.MaquinaDeCafeTest" time="0.0"/>
  <testcase name="deberia_mostrar_mensaje_si_no_hay_azucar" classname="com.maquinacafe.MaquinaDeCafeTest" time="0.0"/>
</testsuite>